#
# There is insufficient memory for the Java Runtime Environment to continue.
# Native memory allocation (malloc) failed to allocate 32744 bytes for ChunkPool::allocate
# Possible reasons:
#   The system is out of physical RAM or swap space
#   In 32 bit mode, the process size limit was hit
# Possible solutions:
#   Reduce memory load on the system
#   Increase physical memory or swap space
#   Check if swap backing store is full
#   Use 64 bit Java on a 64 bit OS
#   Decrease Java heap size (-Xmx/-Xms)
#   Decrease number of Java threads
#   Decrease Java thread stack sizes (-Xss)
#   Set larger code cache with -XX:ReservedCodeCacheSize=
# This output file may be truncated or incomplete.
#
#  Out of Memory Error (allocation.cpp:273), pid=17380, tid=0x000000000000a7ec
#
# JRE version: Java(TM) SE Runtime Environment (8.0_171-b11) (build 1.8.0_171-b11)
# Java VM: Java HotSpot(TM) 64-Bit Server VM (25.171-b11 mixed mode windows-amd64 compressed oops)
# Failed to write core dump. Minidumps are not enabled by default on client versions of Windows
#

---------------  T H R E A D  ---------------

Current thread (0x000000001f022000):  JavaThread "C1 CompilerThread3" daemon [_thread_in_native, id=42988, stack(0x000000001f980000,0x000000001fa80000)]

Stack: [0x000000001f980000,0x000000001fa80000]
[error occurred during error reporting (printing stack bounds), id 0xc0000005]

Native frames: (J=compiled Java code, j=interpreted, Vv=VM code, C=native code)


Current CompileTask:
C1:    922  576       3       java.util.jar.JarFile::getManifestFromReference (113 bytes)


---------------  P R O C E S S  ---------------

Java Threads: ( => current thread )
  0x000000001f125000 JavaThread "surefire-forkedjvm-command-thread" daemon [_thread_in_native, id=34948, stack(0x000000001fd80000,0x000000001fe80000)]
  0x000000001f10a800 JavaThread "last-ditch-daemon-shutdown-thread-30sec" daemon [_thread_blocked, id=39944, stack(0x000000001fc80000,0x000000001fd80000)]
  0x000000001f032800 JavaThread "Service Thread" daemon [_thread_blocked, id=14952, stack(0x000000001fa80000,0x000000001fb80000)]
=>0x000000001f022000 JavaThread "C1 CompilerThread3" daemon [_thread_in_native, id=42988, stack(0x000000001f980000,0x000000001fa80000)]
  0x000000001f015000 JavaThread "C2 CompilerThread2" daemon [_thread_in_native, id=32088, stack(0x000000001f880000,0x000000001f980000)]
  0x000000001f014000 JavaThread "C2 CompilerThread1" daemon [_thread_in_native, id=33584, stack(0x000000001f780000,0x000000001f880000)]
  0x000000001f012000 JavaThread "C2 CompilerThread0" daemon [_thread_in_native, id=48900, stack(0x000000001f680000,0x000000001f780000)]
  0x000000001f00e800 JavaThread "Attach Listener" daemon [_thread_blocked, id=39136, stack(0x000000001f580000,0x000000001f680000)]
  0x000000001efb9000 JavaThread "Signal Dispatcher" daemon [_thread_blocked, id=15052, stack(0x000000001f480000,0x000000001f580000)]
  0x000000001efa0800 JavaThread "Finalizer" daemon [_thread_blocked, id=50068, stack(0x000000001f380000,0x000000001f480000)]
  0x0000000003668000 JavaThread "Reference Handler" daemon [_thread_blocked, id=29604, stack(0x000000001ee80000,0x000000001ef80000)]
  0x0000000003572800 JavaThread "main" [_thread_in_Java, id=40380, stack(0x0000000003380000,0x0000000003480000)]

Other Threads:
  0x000000001d0a9800 VMThread [stack: 0x000000001ed80000,0x000000001ee80000] [id=30476]
  0x000000001f034800 WatcherThread [stack: 0x000000001fb80000,0x000000001fc80000] [id=25880]

VM state:not at safepoint (normal execution)

VM Mutex/Monitor currently owned by a thread: None

Heap:
 PSYoungGen      total 76288K, used 17053K [0x000000076b300000, 0x0000000770800000, 0x00000007c0000000)
  eden space 65536K, 26% used [0x000000076b300000,0x000000076c3a7508,0x000000076f300000)
  from space 10752K, 0% used [0x000000076fd80000,0x000000076fd80000,0x0000000770800000)
  to   space 10752K, 0% used [0x000000076f300000,0x000000076f300000,0x000000076fd80000)
 ParOldGen       total 175104K, used 0K [0x00000006c1800000, 0x00000006cc300000, 0x000000076b300000)
  object space 175104K, 0% used [0x00000006c1800000,0x00000006c1800000,0x00000006cc300000)
 Metaspace       used 8713K, capacity 8908K, committed 9088K, reserved 1056768K
  class space    used 996K, capacity 1058K, committed 1152K, reserved 1048576K

Card table byte_map: [0x0000000012a30000,0x0000000013230000] byte_map_base: 0x000000000f424000

Marking Bits: (ParMarkBitMap*) 0x00000000513708c0
 Begin Bits: [0x0000000013f80000, 0x0000000017f20000)
 End Bits:   [0x0000000017f20000, 0x000000001bec0000)

Polling page: 0x0000000001540000

CodeCache: size=245760Kb used=2522Kb max_used=2522Kb free=243237Kb
 bounds [0x0000000003670000, 0x00000000038f0000, 0x0000000012670000]
 total_blobs=915 nmethods=573 adapters=255
 compilation: enabled

Compilation events (10 events):
Event: 0.897 Thread 0x000000001f022000  569       3       sun.invoke.util.BytecodeDescriptor::unparseSig (75 bytes)
Event: 0.899 Thread 0x000000001f022000 nmethod 569 0x00000000038e2550 code [0x00000000038e2840, 0x00000000038e4038]
Event: 0.912 Thread 0x000000001f022000  570       3       java.security.CodeSource::hashCode (17 bytes)
Event: 0.912 Thread 0x000000001f022000 nmethod 570 0x00000000038e4e90 code [0x00000000038e5020, 0x00000000038e55a8]
Event: 0.912 Thread 0x000000001f022000  571  s    3       java.net.URL::hashCode (30 bytes)
Event: 0.912 Thread 0x000000001f022000 nmethod 571 0x00000000038e5750 code [0x00000000038e58c0, 0x00000000038e5ce8]
Event: 0.913 Thread 0x000000001f022000  573  s    3       java.lang.Throwable::fillInStackTrace (29 bytes)
Event: 0.914 Thread 0x000000001f014000  575       4       java.lang.String::substring (79 bytes)
Event: 0.914 Thread 0x000000001f022000 nmethod 573 0x00000000038e6510 code [0x00000000038e6680, 0x00000000038e6a28]
Event: 0.915 Thread 0x000000001f022000  576       3       java.util.jar.JarFile::getManifestFromReference (113 bytes)

GC Heap History (0 events):
No events

Deoptimization events (1 events):
Event: 0.356 Thread 0x0000000003572800 Uncommon trap: reason=unstable_if action=reinterpret pc=0x00000000037fce30 method=java.lang.String.indexOf([CII[CIII)I @ 134

Classes redefined (0 events):
No events

Internal exceptions (8 events):
Event: 0.044 Thread 0x0000000003572800 Exception <a 'java/lang/NoSuchMethodError': Method sun.misc.Unsafe.defineClass(Ljava/lang/String;[BII)Ljava/lang/Class; name or signature does not match> (0x000000076b307cb0) thrown at [C:\re\workspace\8-2-build-windows-amd64-cygwin\jdk8u171\10807\hotspot
Event: 0.044 Thread 0x0000000003572800 Exception <a 'java/lang/NoSuchMethodError': Method sun.misc.Unsafe.prefetchRead(Ljava/lang/Object;J)V name or signature does not match> (0x000000076b307f98) thrown at [C:\re\workspace\8-2-build-windows-amd64-cygwin\jdk8u171\10807\hotspot\src\share\vm\prim
Event: 0.264 Thread 0x0000000003572800 Exception <a 'java/security/PrivilegedActionException'> (0x000000076bb46e60) thrown at [C:\re\workspace\8-2-build-windows-amd64-cygwin\jdk8u171\10807\hotspot\src\share\vm\prims\jvm.cpp, line 1435]
Event: 0.264 Thread 0x0000000003572800 Exception <a 'java/security/PrivilegedActionException'> (0x000000076bb47070) thrown at [C:\re\workspace\8-2-build-windows-amd64-cygwin\jdk8u171\10807\hotspot\src\share\vm\prims\jvm.cpp, line 1435]
Event: 0.264 Thread 0x0000000003572800 Exception <a 'java/security/PrivilegedActionException'> (0x000000076bb4af80) thrown at [C:\re\workspace\8-2-build-windows-amd64-cygwin\jdk8u171\10807\hotspot\src\share\vm\prims\jvm.cpp, line 1435]
Event: 0.264 Thread 0x0000000003572800 Exception <a 'java/security/PrivilegedActionException'> (0x000000076bb4b190) thrown at [C:\re\workspace\8-2-build-windows-amd64-cygwin\jdk8u171\10807\hotspot\src\share\vm\prims\jvm.cpp, line 1435]
Event: 0.864 Thread 0x0000000003572800 Exception <a 'java/lang/NoSuchFieldError': method resolution failed> (0x000000076c13d770) thrown at [C:\re\workspace\8-2-build-windows-amd64-cygwin\jdk8u171\10807\hotspot\src\share\vm\prims\methodHandles.cpp, line 1167]
Event: 0.866 Thread 0x0000000003572800 Exception <a 'java/lang/NoSuchFieldError': method resolution failed> (0x000000076c14ae60) thrown at [C:\re\workspace\8-2-build-windows-amd64-cygwin\jdk8u171\10807\hotspot\src\share\vm\prims\methodHandles.cpp, line 1167]

Events (10 events):
Event: 0.911 loading class freemarker/cache/CacheStorage
Event: 0.911 loading class freemarker/cache/CacheStorage done
Event: 0.913 loading class freemarker/cache/TemplateLoader
Event: 0.913 loading class freemarker/cache/TemplateLoader done
Event: 0.913 loading class freemarker/template/ObjectWrapper
Event: 0.913 loading class freemarker/template/ObjectWrapper done
Event: 0.914 loading class freemarker/core/BugException
Event: 0.914 loading class freemarker/core/BugException done
Event: 0.915 loading class freemarker/template/TemplateNotFoundException
Event: 0.915 loading class freemarker/template/TemplateNotFoundException done


Dynamic libraries:
0x00007ff700420000 - 0x00007ff700457000 	D:\Program Files\Java\jdk1.8.0_171\jre\bin\java.exe
0x00007fff1da80000 - 0x00007fff1dc61000 	C:\WINDOWS\SYSTEM32\ntdll.dll
0x00007fff1b160000 - 0x00007fff1b212000 	C:\WINDOWS\System32\KERNEL32.DLL
0x00007fff1a830000 - 0x00007fff1aaa3000 	C:\WINDOWS\System32\KERNELBASE.dll
0x00007fff1af10000 - 0x00007fff1afb1000 	C:\WINDOWS\System32\ADVAPI32.dll
0x00007fff1d9b0000 - 0x00007fff1da4e000 	C:\WINDOWS\System32\msvcrt.dll
0x00007fff1d370000 - 0x00007fff1d3cb000 	C:\WINDOWS\System32\sechost.dll
0x00007fff1d240000 - 0x00007fff1d364000 	C:\WINDOWS\System32\RPCRT4.dll
0x00007fff1afd0000 - 0x00007fff1b160000 	C:\WINDOWS\System32\USER32.dll
0x00007fff1ad50000 - 0x00007fff1ad70000 	C:\WINDOWS\System32\win32u.dll
0x00007fff1d3d0000 - 0x00007fff1d3f8000 	C:\WINDOWS\System32\GDI32.dll
0x00007fff1ad70000 - 0x00007fff1af02000 	C:\WINDOWS\System32\gdi32full.dll
0x00007fff1ac00000 - 0x00007fff1ac9f000 	C:\WINDOWS\System32\msvcp_win.dll
0x00007fff1ab00000 - 0x00007fff1abf8000 	C:\WINDOWS\System32\ucrtbase.dll
0x00007fff0d3d0000 - 0x00007fff0d639000 	C:\WINDOWS\WinSxS\amd64_microsoft.windows.common-controls_6595b64144ccf1df_6.0.17134.648_none_fb45a0e93062a6d2\COMCTL32.dll
0x00007fff1b250000 - 0x00007fff1b572000 	C:\WINDOWS\System32\combase.dll
0x00007fff1a040000 - 0x00007fff1a0ba000 	C:\WINDOWS\System32\bcryptPrimitives.dll
0x00007fff1b220000 - 0x00007fff1b24d000 	C:\WINDOWS\System32\IMM32.DLL
0x0000000052590000 - 0x0000000052662000 	D:\Program Files\Java\jdk1.8.0_171\jre\bin\msvcr100.dll
0x0000000050b50000 - 0x00000000513f0000 	D:\Program Files\Java\jdk1.8.0_171\jre\bin\server\jvm.dll
0x00007fff1cff0000 - 0x00007fff1cff8000 	C:\WINDOWS\System32\PSAPI.DLL
0x00007fff0de00000 - 0x00007fff0de09000 	C:\WINDOWS\SYSTEM32\WSOCK32.dll
0x00007fff177f0000 - 0x00007fff17813000 	C:\WINDOWS\SYSTEM32\WINMM.dll
0x00007fff150d0000 - 0x00007fff150da000 	C:\WINDOWS\SYSTEM32\VERSION.dll
0x00007fff1b580000 - 0x00007fff1b5ec000 	C:\WINDOWS\System32\WS2_32.dll
0x00007fff17620000 - 0x00007fff1764a000 	C:\WINDOWS\SYSTEM32\WINMMBASE.dll
0x00007fff1aab0000 - 0x00007fff1aaf9000 	C:\WINDOWS\System32\cfgmgr32.dll
0x0000000052c80000 - 0x0000000052c8f000 	D:\Program Files\Java\jdk1.8.0_171\jre\bin\verify.dll
0x0000000052c50000 - 0x0000000052c79000 	D:\Program Files\Java\jdk1.8.0_171\jre\bin\java.dll
0x0000000052c30000 - 0x0000000052c46000 	D:\Program Files\Java\jdk1.8.0_171\jre\bin\zip.dll
0x00007fff1bb90000 - 0x00007fff1cfd0000 	C:\WINDOWS\System32\SHELL32.dll
0x00007fff1d6d0000 - 0x00007fff1d779000 	C:\WINDOWS\System32\shcore.dll
0x00007fff1a120000 - 0x00007fff1a82d000 	C:\WINDOWS\System32\windows.storage.dll
0x00007fff1d480000 - 0x00007fff1d4d1000 	C:\WINDOWS\System32\shlwapi.dll
0x00007fff19de0000 - 0x00007fff19df1000 	C:\WINDOWS\System32\kernel.appcore.dll
0x00007fff19dc0000 - 0x00007fff19ddf000 	C:\WINDOWS\System32\profapi.dll
0x00007fff19e00000 - 0x00007fff19e4c000 	C:\WINDOWS\System32\powrprof.dll
0x00007fff19db0000 - 0x00007fff19dba000 	C:\WINDOWS\System32\FLTLIB.DLL
0x00007fff197d0000 - 0x00007fff197e7000 	C:\WINDOWS\SYSTEM32\CRYPTSP.dll
0x00007fff191f0000 - 0x00007fff19223000 	C:\WINDOWS\system32\rsaenh.dll
0x00007fff198f0000 - 0x00007fff19915000 	C:\WINDOWS\SYSTEM32\bcrypt.dll
0x00007fff19c90000 - 0x00007fff19cb8000 	C:\WINDOWS\SYSTEM32\USERENV.dll
0x00007fff197c0000 - 0x00007fff197cb000 	C:\WINDOWS\SYSTEM32\CRYPTBASE.dll
0x0000000052c10000 - 0x0000000052c2a000 	D:\Program Files\Java\jdk1.8.0_171\jre\bin\net.dll
0x00007fff19610000 - 0x00007fff19676000 	C:\WINDOWS\system32\mswsock.dll
0x00007fff19390000 - 0x00007fff193c8000 	C:\WINDOWS\SYSTEM32\IPHLPAPI.DLL
0x00007fff1d6c0000 - 0x00007fff1d6c8000 	C:\WINDOWS\System32\NSI.dll
0x00007fff14520000 - 0x00007fff14536000 	C:\WINDOWS\SYSTEM32\dhcpcsvc6.DLL
0x00007fff14500000 - 0x00007fff1451a000 	C:\WINDOWS\SYSTEM32\dhcpcsvc.DLL
0x0000000052bf0000 - 0x0000000052c01000 	D:\Program Files\Java\jdk1.8.0_171\jre\bin\nio.dll

VM Arguments:
java_command: D:\workspace\LBS5.6.1\target\surefire\surefirebooter6676610930223817353.jar D:\workspace\LBS5.6.1\target\surefire\surefire7312959878619778409tmp D:\workspace\LBS5.6.1\target\surefire\surefire_06129166433505898529tmp
java_class_path (initial): D:\workspace\LBS5.6.1\target\surefire\surefirebooter6676610930223817353.jar
Launcher Type: SUN_STANDARD

Environment Variables:
JAVA_HOME=D:\Program Files\Java\jdk1.8.0_171
CLASSPATH=.;D:\Program Files\Java\jdk1.8.0_171\lib;D:\Program Files\Java\jdk1.8.0_171\lib\tools.jar
PATH=C:\Program Files (x86)\Common Files\Oracle\Java\javapath;C:\Program Files (x86)\Intel\iCLS Client\;C:\Program Files\Intel\iCLS Client\;C:\WINDOWS\system32;C:\WINDOWS;C:\WINDOWS\System32\Wbem;C:\WINDOWS\System32\WindowsPowerShell\v1.0\;C:\Program Files (x86)\Intel\Intel(R) Management Engine Components\DAL;C:\Program Files\Intel\Intel(R) Management Engine Components\DAL;C:\Program Files (x86)\Intel\Intel(R) Management Engine Components\IPT;C:\Program Files\Intel\Intel(R) Management Engine Components\IPT;D:\Program Files\Java\jdk1.8.0_171\bin;D:\Program Files\Java\jdk1.8.0_171\jre\bin;D:\appium\android-sdk_r24.4.1-windows\android-sdk-windows\platform-tools;D:\appium\android-sdk_r24.4.1-windows\android-sdk-windows\tools;D:\Program Files\Appium\node_modules\.bin;D:\Program Files\nodejs\;D:\maven\bin\;D:\Program Files\TortoiseSVN\bin;C:\WINDOWS\System32\OpenSSH\;C:\Users\yangx\AppData\Local\Microsoft\WindowsApps;C:\Users\yangx\AppData\Roaming\npm;%USERPROFILE%\AppData\Local\Microsoft\WindowsApps;
USERNAME=yangx
OS=Windows_NT
PROCESSOR_IDENTIFIER=Intel64 Family 6 Model 142 Stepping 10, GenuineIntel



---------------  S Y S T E M  ---------------

OS: Windows 10.0 , 64 bit Build 17134 (10.0.17134.648)

CPU:total 8 (initial active 8) (4 cores per cpu, 2 threads per core) family 6 model 142 stepping 10, cmov, cx8, fxsr, mmx, sse, sse2, sse3, ssse3, sse4.1, sse4.2, popcnt, avx, avx2, clmul, erms, 3dnowpref, lzcnt, ht, tsc, tscinvbit, bmi1, bmi2, adx

Memory: 4k page, physical 16671388k(3615908k free), swap 28104472k(1420k free)

vm_info: Java HotSpot(TM) 64-Bit Server VM (25.171-b11) for windows-amd64 JRE (1.8.0_171-b11), built on Mar 28 2018 16:06:12 by "java_re" with MS VC++ 10.0 (VS2010)

time: Wed Apr 03 18:17:01 2019
elapsed time: 0 seconds (0d 0h 0m 0s)

